android/app/build/intermediates/manifest_merge_blame_file/debug/manifest-merger-blame-debug-report.txt
1<?xml version="1.0" encoding="utf-8"?>
2<manifest xmlns:android="http://schemas.android.com/apk/res/android"
3    package="com.snapconnect"
4    android:versionCode="1"
5    android:versionName="1.0" >
6
7    <uses-sdk
8        android:minSdkVersion="21"
9        android:targetSdkVersion="34" />
10
11    <uses-permission android:name="android.permission.INTERNET" />
11-->src\main\AndroidManifest.xml:3:5-67
11-->src\main\AndroidManifest.xml:3:22-64
12    <uses-permission android:name="android.permission.CAMERA" />
12-->src\main\AndroidManifest.xml:5:5-65
12-->src\main\AndroidManifest.xml:5:22-62
13    <uses-permission android:name="android.permission.WRITE_EXTERNAL_STORAGE" />
13-->src\main\AndroidManifest.xml:6:5-80
13-->src\main\AndroidManifest.xml:6:22-78
14    <uses-permission android:name="android.permission.ACCESS_FINE_LOCATION" />
14-->src\main\AndroidManifest.xml:7:5-79
14-->src\main\AndroidManifest.xml:7:22-76
15    <!--
16    This manifest file is used only by Gradle to configure debug-only capabilities
17    for React Native Apps.
18    -->
19    <uses-permission android:name="android.permission.SYSTEM_ALERT_WINDOW" />
19-->[com.facebook.react:react-android:0.73.6] AndroidManifest.xml:16:5-78
19-->[com.facebook.react:react-android:0.73.6] AndroidManifest.xml:16:22-75
20    <uses-permission android:name="android.permission.ACCESS_WIFI_STATE" />
20-->[com.facebook.flipper:flipper:0.201.0] AndroidManifest.xml:14:5-76
20-->[com.facebook.flipper:flipper:0.201.0] AndroidManifest.xml:14:22-73
21
22    <permission
22-->[androidx.core:core:1.9.0] AndroidManifest.xml:22:5-24:47
23        android:name="com.snapconnect.DYNAMIC_RECEIVER_NOT_EXPORTED_PERMISSION"
23-->[androidx.core:core:1.9.0] AndroidManifest.xml:23:9-81
24        android:protectionLevel="signature" />
24-->[androidx.core:core:1.9.0] AndroidManifest.xml:24:9-44
25
26    <uses-permission android:name="com.snapconnect.DYNAMIC_RECEIVER_NOT_EXPORTED_PERMISSION" />
26-->[androidx.core:core:1.9.0] AndroidManifest.xml:26:5-97
26-->[androidx.core:core:1.9.0] AndroidManifest.xml:26:22-94
27
28    <application
28-->src\main\AndroidManifest.xml:9:5-28:19
29        android:name="com.snapconnect.MainApplication"
29-->src\main\AndroidManifest.xml:10:7-38
30        android:allowBackup="false"
30-->src\main\AndroidManifest.xml:14:7-34
31        android:appComponentFactory="androidx.core.app.CoreComponentFactory"
31-->[androidx.core:core:1.9.0] AndroidManifest.xml:28:18-86
32        android:debuggable="true"
33        android:extractNativeLibs="true"
34        android:icon="@mipmap/ic_launcher"
34-->src\main\AndroidManifest.xml:12:7-41
35        android:label="@string/app_name"
35-->src\main\AndroidManifest.xml:11:7-39
36        android:roundIcon="@mipmap/ic_launcher_round"
36-->src\main\AndroidManifest.xml:13:7-52
37        android:theme="@style/AppTheme"
37-->src\main\AndroidManifest.xml:15:7-38
38        android:usesCleartextTraffic="true" >
38-->src\debug\AndroidManifest.xml:6:9-44
39        <activity
39-->src\main\AndroidManifest.xml:16:7-27:18
40            android:name="com.snapconnect.MainActivity"
40-->src\main\AndroidManifest.xml:17:9-37
41            android:configChanges="keyboard|keyboardHidden|orientation|screenLayout|screenSize|smallestScreenSize|uiMode"
41-->src\main\AndroidManifest.xml:19:9-118
42            android:exported="true"
42-->src\main\AndroidManifest.xml:22:9-32
43            android:label="@string/app_name"
43-->src\main\AndroidManifest.xml:18:9-41
44            android:launchMode="singleTask"
44-->src\main\AndroidManifest.xml:20:9-40
45            android:windowSoftInputMode="adjustResize" >
45-->src\main\AndroidManifest.xml:21:9-51
46            <intent-filter>
46-->src\main\AndroidManifest.xml:23:9-26:25
47                <action android:name="android.intent.action.MAIN" />
47-->src\main\AndroidManifest.xml:24:13-65
47-->src\main\AndroidManifest.xml:24:21-62
48
49                <category android:name="android.intent.category.LAUNCHER" />
49-->src\main\AndroidManifest.xml:25:13-73
49-->src\main\AndroidManifest.xml:25:23-70
50            </intent-filter>
51        </activity>
52
53        <provider
53-->[:react-native-image-picker] AndroidManifest.xml:8:9-16:20
54            android:name="com.imagepicker.ImagePickerProvider"
54-->[:react-native-image-picker] AndroidManifest.xml:9:13-63
55            android:authorities="com.snapconnect.imagepickerprovider"
55-->[:react-native-image-picker] AndroidManifest.xml:10:13-71
56            android:exported="false"
56-->[:react-native-image-picker] AndroidManifest.xml:11:13-37
57            android:grantUriPermissions="true" >
57-->[:react-native-image-picker] AndroidManifest.xml:12:13-47
58            <meta-data
58-->[:react-native-image-picker] AndroidManifest.xml:13:13-15:70
59                android:name="android.support.FILE_PROVIDER_PATHS"
59-->[:react-native-image-picker] AndroidManifest.xml:14:17-67
60                android:resource="@xml/imagepicker_provider_paths" />
60-->[:react-native-image-picker] AndroidManifest.xml:15:17-67
61        </provider>
62
63        <activity
63-->[com.facebook.react:react-android:0.73.6] AndroidManifest.xml:19:9-21:40
64            android:name="com.facebook.react.devsupport.DevSettingsActivity"
64-->[com.facebook.react:react-android:0.73.6] AndroidManifest.xml:20:13-77
65            android:exported="false" />
65-->[com.facebook.react:react-android:0.73.6] AndroidManifest.xml:21:13-37
66        <activity
66-->[com.google.android.gms:play-services-base:18.1.0] AndroidManifest.xml:20:9-22:45
67            android:name="com.google.android.gms.common.api.GoogleApiActivity"
67-->[com.google.android.gms:play-services-base:18.1.0] AndroidManifest.xml:20:19-85
68            android:exported="false"
68-->[com.google.android.gms:play-services-base:18.1.0] AndroidManifest.xml:22:19-43
69            android:theme="@android:style/Theme.Translucent.NoTitleBar" />
69-->[com.google.android.gms:play-services-base:18.1.0] AndroidManifest.xml:21:19-78
70
71        <meta-data
71-->[com.google.android.gms:play-services-basement:18.1.0] AndroidManifest.xml:21:9-23:69
72            android:name="com.google.android.gms.version"
72-->[com.google.android.gms:play-services-basement:18.1.0] AndroidManifest.xml:22:13-58
73            android:value="@integer/google_play_services_version" />
73-->[com.google.android.gms:play-services-basement:18.1.0] AndroidManifest.xml:23:13-66
74
75        <provider
75-->[androidx.emoji2:emoji2:1.2.0] AndroidManifest.xml:24:9-32:20
76            android:name="androidx.startup.InitializationProvider"
76-->[androidx.emoji2:emoji2:1.2.0] AndroidManifest.xml:25:13-67
77            android:authorities="com.snapconnect.androidx-startup"
77-->[androidx.emoji2:emoji2:1.2.0] AndroidManifest.xml:26:13-68
78            android:exported="false" >
78-->[androidx.emoji2:emoji2:1.2.0] AndroidManifest.xml:27:13-37
79            <meta-data
79-->[androidx.emoji2:emoji2:1.2.0] AndroidManifest.xml:29:13-31:52
80                android:name="androidx.emoji2.text.EmojiCompatInitializer"
80-->[androidx.emoji2:emoji2:1.2.0] AndroidManifest.xml:30:17-75
81                android:value="androidx.startup" />
81-->[androidx.emoji2:emoji2:1.2.0] AndroidManifest.xml:31:17-49
82            <meta-data
82-->[androidx.lifecycle:lifecycle-process:2.4.1] AndroidManifest.xml:31:13-33:52
83                android:name="androidx.lifecycle.ProcessLifecycleInitializer"
83-->[androidx.lifecycle:lifecycle-process:2.4.1] AndroidManifest.xml:32:17-78
84                android:value="androidx.startup" />
84-->[androidx.lifecycle:lifecycle-process:2.4.1] AndroidManifest.xml:33:17-49
85        </provider>
86
87        <meta-data
87-->[com.facebook.soloader:soloader:0.10.5] AndroidManifest.xml:12:9-14:37
88            android:name="com.facebook.soloader.enabled"
88-->[com.facebook.soloader:soloader:0.10.5] AndroidManifest.xml:13:13-57
89            android:value="false" />
89-->[com.facebook.soloader:soloader:0.10.5] AndroidManifest.xml:14:13-34
90    </application>
91
92</manifest>